Watching for file changes with StatReloader
[27/Sep/2025 22:46:38] "GET /dashboard/ HTTP/1.1" 200 13087
[27/Sep/2025 22:46:39] "GET /dashboard/ HTTP/1.1" 200 13087
[27/Sep/2025 22:46:39] "GET /static/dist/css/main.css HTTP/1.1" 404 1865
[27/Sep/2025 22:46:39] "GET /static/dist/js/main.js HTTP/1.1" 404 1859
/media/Arquivos/DjangoPython/toolkits/v2/stock_control_lab/venv/lib/python3.12/site-packages/django/db/models/fields/__init__.py:1612: RuntimeWarning: DateTimeField MovimentacaoEstoque.data received a naive datetime (2025-03-31 00:00:00) while time zone support is active.
  warnings.warn(
[27/Sep/2025 22:46:40] "GET /dashboard/summary/ HTTP/1.1" 200 222
Not Found: /favicon.ico
[27/Sep/2025 22:46:40] "GET /favicon.ico HTTP/1.1" 404 11214
[27/Sep/2025 22:46:40] "GET /dashboard/summary/ HTTP/1.1" 200 222
[27/Sep/2025 22:47:01] "GET /dashboard/ HTTP/1.1" 200 13087
[27/Sep/2025 22:47:01] "GET /produtos/list/ HTTP/1.1" 200 10645
[27/Sep/2025 22:47:01] "GET /requisitions/list/ HTTP/1.1" 200 10848
[27/Sep/2025 22:47:01] "GET /stock-lots/create/ HTTP/1.1" 200 6172
[27/Sep/2025 22:47:01] "GET /movimentacoes/withdraw/ HTTP/1.1" 200 4326
[27/Sep/2025 22:47:01] "GET /admin/ HTTP/1.1" 302 0
[27/Sep/2025 22:47:23] "GET /admin/ HTTP/1.1" 302 0
[27/Sep/2025 22:47:23] "GET /admin/login/?next=/admin/ HTTP/1.1" 200 4173
[27/Sep/2025 22:47:23] "GET /static/admin/js/theme.js HTTP/1.1" 304 0
[27/Sep/2025 22:47:23] "GET /static/admin/css/dark_mode.css HTTP/1.1" 304 0
[27/Sep/2025 22:47:23] "GET /static/admin/css/base.css HTTP/1.1" 304 0
[27/Sep/2025 22:47:23] "GET /static/admin/css/responsive.css HTTP/1.1" 304 0
[27/Sep/2025 22:47:23] "GET /static/admin/css/login.css HTTP/1.1" 304 0
[27/Sep/2025 22:47:23] "GET /static/admin/css/nav_sidebar.css HTTP/1.1" 304 0
[27/Sep/2025 22:47:23] "GET /static/admin/js/nav_sidebar.js HTTP/1.1" 304 0
[27/Sep/2025 22:47:26] "POST /admin/login/?next=/admin/ HTTP/1.1" 200 4344
[27/Sep/2025 22:47:33] "GET /produtos/list/ HTTP/1.1" 200 10645
[27/Sep/2025 22:47:33] "GET /static/dist/css/main.css HTTP/1.1" 404 1865
[27/Sep/2025 22:47:33] "GET /static/dist/js/main.js HTTP/1.1" 404 1859
[27/Sep/2025 22:47:33] "GET /suppliers/ HTTP/1.1" 200 632
[27/Sep/2025 22:47:33] "GET /categories/ HTTP/1.1" 200 333
[27/Sep/2025 22:47:33] "GET /produtos/ HTTP/1.1" 200 876
[27/Sep/2025 22:47:34] "GET /categories/ HTTP/1.1" 200 333
[27/Sep/2025 22:47:34] "GET /suppliers/ HTTP/1.1" 200 632
[27/Sep/2025 22:47:34] "GET /produtos/ HTTP/1.1" 200 876
[27/Sep/2025 22:47:46] "GET /requisitions/list/ HTTP/1.1" 200 10848
[27/Sep/2025 22:47:46] "GET /static/dist/css/main.css HTTP/1.1" 404 1865
[27/Sep/2025 22:47:46] "GET /static/dist/js/main.js HTTP/1.1" 404 1859
[27/Sep/2025 22:47:54] "GET /admin/ HTTP/1.1" 302 0
[27/Sep/2025 22:47:54] "GET /admin/login/?next=/admin/ HTTP/1.1" 200 4173
[27/Sep/2025 22:47:58] "GET /requisitions/list/ HTTP/1.1" 200 10848
[27/Sep/2025 22:47:58] "GET /static/dist/css/main.css HTTP/1.1" 404 1865
[27/Sep/2025 22:47:58] "GET /static/dist/js/main.js HTTP/1.1" 404 1859
[27/Sep/2025 22:48:10] "GET /admin/ HTTP/1.1" 302 0
[27/Sep/2025 22:48:10] "GET /admin/login/ HTTP/1.1" 200 4160
[27/Sep/2025 22:50:33] "GET /movimentacoes/withdraw/ HTTP/1.1" 200 4326
[27/Sep/2025 22:50:33] "GET /dashboard/ HTTP/1.1" 200 13087
[27/Sep/2025 22:50:33] "GET /requisitions/list/ HTTP/1.1" 200 10848
[27/Sep/2025 22:50:33] "GET /stock-lots/create/ HTTP/1.1" 200 6172
[27/Sep/2025 22:50:33] "GET /produtos/list/ HTTP/1.1" 200 10645
[27/Sep/2025 22:51:52] "GET /movimentacoes/withdraw/ HTTP/1.1" 200 4326
[27/Sep/2025 22:52:10] "GET /dashboard/ HTTP/1.1" 200 13087
[27/Sep/2025 22:52:10] "GET /static/dist/css/main.css HTTP/1.1" 404 1865
[27/Sep/2025 22:52:10] "GET /static/dist/js/main.js HTTP/1.1" 404 1859
[27/Sep/2025 22:52:10] "GET /dashboard/summary/ HTTP/1.1" 200 222
[27/Sep/2025 22:52:10] "GET /dashboard/summary/ HTTP/1.1" 200 222
[27/Sep/2025 23:25:12] "GET /dashboard/ HTTP/1.1" 200 13087
[27/Sep/2025 23:25:12] "GET /static/dist/css/main.css HTTP/1.1" 404 1865
[27/Sep/2025 23:25:12] "GET /static/dist/js/main.js HTTP/1.1" 404 1859
[27/Sep/2025 23:25:13] "GET /dashboard/summary/ HTTP/1.1" 200 222
[27/Sep/2025 23:25:13] "GET /dashboard/summary/ HTTP/1.1" 200 222
[27/Sep/2025 23:25:16] "GET /movimentacoes/withdraw/ HTTP/1.1" 200 4326
[27/Sep/2025 23:25:19] "GET /produtos/list/ HTTP/1.1" 200 10645
[27/Sep/2025 23:25:19] "GET /static/dist/css/main.css HTTP/1.1" 404 1865
[27/Sep/2025 23:25:19] "GET /static/dist/js/main.js HTTP/1.1" 404 1859
[27/Sep/2025 23:25:19] "GET /categories/ HTTP/1.1" 200 333
[27/Sep/2025 23:25:19] "GET /suppliers/ HTTP/1.1" 200 632
[27/Sep/2025 23:25:19] "GET /produtos/ HTTP/1.1" 200 876
[27/Sep/2025 23:25:19] "GET /suppliers/ HTTP/1.1" 200 632
[27/Sep/2025 23:25:19] "GET /categories/ HTTP/1.1" 200 333
[27/Sep/2025 23:25:19] "GET /produtos/ HTTP/1.1" 200 876
[27/Sep/2025 23:37:01] "GET /produtos/list/ HTTP/1.1" 200 10645
[27/Sep/2025 23:37:01] "GET /static/dist/js/main.js HTTP/1.1" 404 1859
[27/Sep/2025 23:37:01] "GET /static/dist/css/main.css HTTP/1.1" 404 1865
[27/Sep/2025 23:37:01] "GET /suppliers/ HTTP/1.1" 200 632
[27/Sep/2025 23:37:01] "GET /produtos/ HTTP/1.1" 200 876
[27/Sep/2025 23:37:01] "GET /categories/ HTTP/1.1" 200 333
[27/Sep/2025 23:37:01] "GET /suppliers/ HTTP/1.1" 200 632
[27/Sep/2025 23:37:01] "GET /categories/ HTTP/1.1" 200 333
[27/Sep/2025 23:37:01] "GET /produtos/ HTTP/1.1" 200 876
[27/Sep/2025 23:37:03] "GET /movimentacoes/withdraw/ HTTP/1.1" 200 4326
[27/Sep/2025 23:37:07] "GET /dashboard/ HTTP/1.1" 200 13087
[27/Sep/2025 23:37:07] "GET /static/dist/css/main.css HTTP/1.1" 404 1865
[27/Sep/2025 23:37:07] "GET /static/dist/js/main.js HTTP/1.1" 404 1859
[27/Sep/2025 23:37:07] "GET /dashboard/summary/ HTTP/1.1" 200 222
[27/Sep/2025 23:37:07] "GET /dashboard/summary/ HTTP/1.1" 200 222
[27/Sep/2025 23:37:08] "GET /dashboard/ HTTP/1.1" 200 13087
[27/Sep/2025 23:37:08] "GET /static/dist/css/main.css HTTP/1.1" 404 1865
[27/Sep/2025 23:37:08] "GET /static/dist/js/main.js HTTP/1.1" 404 1859
[27/Sep/2025 23:37:08] "GET /dashboard/summary/ HTTP/1.1" 200 222
[27/Sep/2025 23:37:08] "GET /dashboard/summary/ HTTP/1.1" 200 222
[28/Sep/2025 00:00:09] "GET /movimentacoes/withdraw/ HTTP/1.1" 200 4326
[28/Sep/2025 00:00:13] "GET /movimentacoes/withdraw/ HTTP/1.1" 200 4326
Not Found: /
[28/Sep/2025 00:00:16] "GET / HTTP/1.1" 404 11163
[28/Sep/2025 00:00:31] "GET /admin/login/?next=/admin/ HTTP/1.1" 200 4173
[28/Sep/2025 00:00:33] "POST /admin/login/?next=/admin/ HTTP/1.1" 200 4344
[28/Sep/2025 00:00:45] "GET /admin/login/?next=/dashboad HTTP/1.1" 200 4177
[28/Sep/2025 00:00:48] "GET /admin/login/?next=/dashboad HTTP/1.1" 200 4177
[28/Sep/2025 14:52:20] "GET /admin/login/?next=/dashboad HTTP/1.1" 200 4177
[28/Sep/2025 14:52:20] "GET /static/admin/css/base.css HTTP/1.1" 304 0
[28/Sep/2025 14:52:20] "GET /static/admin/css/nav_sidebar.css HTTP/1.1" 304 0
[28/Sep/2025 14:52:20] "GET /static/admin/css/login.css HTTP/1.1" 304 0
[28/Sep/2025 14:52:20] "GET /static/admin/js/theme.js HTTP/1.1" 304 0
[28/Sep/2025 14:52:20] "GET /static/admin/css/dark_mode.css HTTP/1.1" 304 0
[28/Sep/2025 14:52:20] "GET /static/admin/css/responsive.css HTTP/1.1" 304 0
[28/Sep/2025 14:52:20] "GET /static/admin/js/nav_sidebar.js HTTP/1.1" 304 0
[28/Sep/2025 14:52:23] "POST /admin/login/?next=/dashboad HTTP/1.1" 200 4348
